[05Feb2023 15:21:58.031] [main/INFO] [cpw.mods.modlauncher.Launcher/MODLAUNCHER]: ModLauncher running: args [--username, ZHYxulei, --version, 1.16.5, --gameDir, /storage/emulated/0/mc1.16.5server114514/.minecraft, --assetsDir, /storage/emulated/0/mc1.16.5server114514/.minecraft/assets, --assetIndex, 1.16, --uuid, 771d680e-64ed-4362-b1a0-99e3111a9c20, --accessToken, ❄❄❄❄❄❄❄❄, --userType, mojang, --versionType, release, --launchTarget, fmlclient, --fml.forgeVersion, 36.2.39, --fml.mcVersion, 1.16.5, --fml.forgeGroup, net.minecraftforge, --fml.mcpVersion, 20210115.111550, --tweakClass, optifine.OptiFineForgeTweaker, --width, 2340, --height, 1080, ]
[05Feb2023 15:21:58.043] [main/INFO] [cpw.mods.modlauncher.Launcher/MODLAUNCHER]: ModLauncher 8.1.3+8.1.3+main-8.1.x.c94d18ec starting: java version 1.8.0-internal by Oracle Corporation
[05Feb2023 15:21:59.079] [main/INFO] [optifine.OptiFineTransformationService/]: OptiFineTransformationService.onLoad
[05Feb2023 15:21:59.081] [main/INFO] [optifine.OptiFineTransformationService/]: OptiFine ZIP file: /storage/emulated/0/mc1.16.5server114514/.minecraft/libraries/optifine/OptiFine/1.16.5_HD_U_G8_pre14/OptiFine-1.16.5_HD_U_G8_pre14.jar
[05Feb2023 15:21:59.085] [main/INFO] [optifine.OptiFineTransformer/]: Target.PRE_CLASS is available
[05Feb2023 15:21:59.445] [main/INFO] [net.minecraftforge.fml.loading.FixSSL/CORE]: Added Lets Encrypt root certificates as additional trust
[05Feb2023 15:21:59.453] [main/INFO] [MixinBootstrap Launch/]: MixinBootstrap v1.1.0
[05Feb2023 15:21:59.457] [main/INFO] [MixinBootstrap Launch/]: Mixin v0.8.4
[05Feb2023 15:21:59.460] [main/INFO] [MixinBootstrap Launch/]: ModLauncher v8.1.3+8.1.3+main-8.1.x.c94d18ec (7.0)
[05Feb2023 15:21:59.631] [main/INFO] [mixin/]: SpongePowered MIXIN Subsystem Version=0.8.4 Source=file:/storage/emulated/0/mc1.16.5server114514/.minecraft/libraries/org/spongepowered/mixin/0.8.4/mixin-0.8.4.jar Service=ModLauncher Env=CLIENT
[05Feb2023 15:21:59.658] [main/INFO] [optifine.OptiFineTransformationService/]: OptiFineTransformationService.initialize
[05Feb2023 15:22:00.767] [main/INFO] [i18nupdatemod/]: I18nUpdate Mod is loaded in 1.16.5 with Forge
[05Feb2023 15:22:00.768] [main/INFO] [i18nupdatemod/]: Minecraft path: /storage/emulated/0/mc1.16.5server114514/.minecraft
[05Feb2023 15:22:00.768] [main/INFO] [i18nupdatemod/]: User home: /data
[05Feb2023 15:22:00.772] [main/WARN] [i18nupdatemod/]: Error while sync temp file /storage/emulated/0/mc1.16.5server114514/.minecraft/resourcepacks/Minecraft-Mod-Language-Modpack-1-16.zip <-> /data/.i18nupdatemod/1.16.5/Minecraft-Mod-Language-Modpack-1-16.zip: java.nio.file.AccessDeniedException: /data/.i18nupdatemod
[05Feb2023 15:22:00.773] [main/INFO] [i18nupdatemod/]: Local file /data/.i18nupdatemod/1.16.5/Minecraft-Mod-Language-Modpack-1-16.zip not exist.
[05Feb2023 15:22:00.976] [main/WARN] [i18nupdatemod/]: Failed to update resource pack: java.io.IOException: Directory '/data/.i18nupdatemod/1.16.5' could not be created
[05Feb2023 15:22:04.025] [main/INFO] [MoreCrashInfoModLocator/]: Core path /storage/emulated/0/mc1.16.5server114514/.minecraft/tmp/MoreCrashInfo-Core.jar
[05Feb2023 15:22:04.028] [main/INFO] [MoreCrashInfoModLocator/]: Minecraft version 1.16.5 major 16
[05Feb2023 15:22:07.290] [main/INFO] [STDERR/]: [org.antlr.v4.runtime.ConsoleErrorListener:syntaxError:38]: line 1:0 token recognition error at: '~'
[05Feb2023 15:22:07.354] [main/INFO] [optifine.OptiFineTransformationService/]: OptiFineTransformationService.transformers
[05Feb2023 15:22:07.380] [main/INFO] [optifine.OptiFineTransformer/]: Targets: 311
[05Feb2023 15:22:11.360] [main/INFO] [optifine.OptiFineTransformationService/]: additionalClassesLocator: [optifine., net.optifine.]
[05Feb2023 15:22:11.522] [main/ERROR] [mixin/]: Mixin config notenoughcrashes.mixins.json does not specify "minVersion" property
[05Feb2023 15:22:11.525] [main/ERROR] [mixin/]: Mixin config notenoughcrashes.forge.mixins.json does not specify "minVersion" property
[05Feb2023 15:22:12.039] [main/ERROR] [mixin/]: Mixin config infinityitemeditor.mixins.json does not specify "minVersion" property
[05Feb2023 15:22:12.201] [main/INFO] [mixin/]: Successfully loaded Mixin Connector [hellfirepvp.astralsorcery.MixinConnector]
[05Feb2023 15:22:12.208] [main/INFO] [mixin/]: Successfully loaded Mixin Connector [vazkii.botania.common.MixinConnector]
[05Feb2023 15:22:12.216] [main/INFO] [mixin/]: Successfully loaded Mixin Connector [vazkii.patchouli.common.MixinConnector]
[05Feb2023 15:22:12.224] [main/INFO] [mixin/]: Successfully loaded Mixin Connector [com.performant.coremod.mixin.Connector]
[05Feb2023 15:22:12.241] [main/INFO] [cpw.mods.modlauncher.LaunchServiceHandler/MODLAUNCHER]: Launching target 'fmlclient' with arguments [--version, 1.16.5, --gameDir, /storage/emulated/0/mc1.16.5server114514/.minecraft, --assetsDir, /storage/emulated/0/mc1.16.5server114514/.minecraft/assets, --uuid, 771d680e-64ed-4362-b1a0-99e3111a9c20, --username, ZHYxulei, --assetIndex, 1.16, --accessToken, ❄❄❄❄❄❄❄❄, --userType, mojang, --versionType, release, --tweakClass, optifine.OptiFineForgeTweaker, --width, 2340, --height, 1080, ]
[05Feb2023 15:22:12.422] [main/INFO] [ModernFix/]: Loaded configuration file for ModernFix: 27 options available, 1 override(s) found
[05Feb2023 15:22:12.458] [main/INFO] [ModernFixResourceFinder/]: Start building list of class locations...
[05Feb2023 15:22:15.520] [main/INFO] [ModernFixResourceFinder/]: Finish building
[05Feb2023 15:22:15.530] [main/INFO] [optifine.OptiFineTransformationService/]: additionalClassesLocator: [optifine., net.optifine.]
[05Feb2023 15:22:15.531] [main/ERROR] [cpw.mods.modlauncher.TransformationServiceDecorator/]: Illegal prefix specified for OptiFine : optifine.
[05Feb2023 15:22:15.531] [main/ERROR] [cpw.mods.modlauncher.TransformationServiceDecorator/]: Illegal prefix specified for OptiFine : net.optifine.
[05Feb2023 15:22:15.532] [main/ERROR] [ModernFix/]: Failed to make classloading changes
java.lang.reflect.InvocationTargetException: null
	at sun.reflect.NativeMethodAccessorImpl.invoke0(Native Method) ~[?:1.8.0-internal]
	at sun.reflect.NativeMethodAccessorImpl.invoke(NativeMethodAccessorImpl.java:62) ~[?:1.8.0-internal]
	at sun.reflect.DelegatingMethodAccessorImpl.invoke(DelegatingMethodAccessorImpl.java:43) ~[?:1.8.0-internal]
	at java.lang.reflect.Method.invoke(Method.java:498) ~[?:1.8.0-internal]
	at org.embeddedt.modernfix.core.ModernFixMixinPlugin.constructResourceFinder(ModernFixMixinPlugin.java:90) ~[modernfix:1.5.2]
	at org.embeddedt.modernfix.core.ModernFixMixinPlugin.<init>(ModernFixMixinPlugin.java:53) ~[modernfix:1.5.2]
	at sun.reflect.NativeConstructorAccessorImpl.newInstance0(Native Method) ~[?:1.8.0-internal]
	at sun.reflect.NativeConstructorAccessorImpl.newInstance(NativeConstructorAccessorImpl.java:62) ~[?:1.8.0-internal]
	at sun.reflect.DelegatingConstructorAccessorImpl.newInstance(DelegatingConstructorAccessorImpl.java:45) ~[?:1.8.0-internal]
	at java.lang.reflect.Constructor.newInstance(Constructor.java:423) ~[?:1.8.0-internal]
	at org.spongepowered.asm.mixin.transformer.PluginHandle.<init>(PluginHandle.java:97) ~[mixin-0.8.4.jar:0.8.4+Jenkins-b308.git-2accda5000f7602229606b39437565542cc6fba4]
	at org.spongepowered.asm.mixin.transformer.MixinConfig.onSelect(MixinConfig.java:706) ~[mixin-0.8.4.jar:0.8.4+Jenkins-b308.git-2accda5000f7602229606b39437565542cc6fba4]
	at org.spongepowered.asm.mixin.transformer.MixinProcessor.selectConfigs(MixinProcessor.java:498) ~[mixin-0.8.4.jar:0.8.4+Jenkins-b308.git-2accda5000f7602229606b39437565542cc6fba4]
	at org.spongepowered.asm.mixin.transformer.MixinProcessor.select(MixinProcessor.java:460) ~[mixin-0.8.4.jar:0.8.4+Jenkins-b308.git-2accda5000f7602229606b39437565542cc6fba4]
	at org.spongepowered.asm.mixin.transformer.MixinProcessor.checkSelect(MixinProcessor.java:438) ~[mixin-0.8.4.jar:0.8.4+Jenkins-b308.git-2accda5000f7602229606b39437565542cc6fba4]
	at org.spongepowered.asm.mixin.transformer.MixinProcessor.applyMixins(MixinProcessor.java:290) ~[mixin-0.8.4.jar:0.8.4+Jenkins-b308.git-2accda5000f7602229606b39437565542cc6fba4]
	at org.spongepowered.asm.mixin.transformer.MixinTransformer.transformClass(MixinTransformer.java:250) ~[mixin-0.8.4.jar:0.8.4+Jenkins-b308.git-2accda5000f7602229606b39437565542cc6fba4]
	at org.spongepowered.asm.service.modlauncher.MixinTransformationHandler.processClass(MixinTransformationHandler.java:131) ~[mixin-0.8.4.jar:0.8.4+Jenkins-b308.git-2accda5000f7602229606b39437565542cc6fba4]
	at org.spongepowered.asm.launch.MixinLaunchPluginLegacy.processClass(MixinLaunchPluginLegacy.java:131) ~[mixin-0.8.4.jar:0.8.4+Jenkins-b308.git-2accda5000f7602229606b39437565542cc6fba4]
	at cpw.mods.modlauncher.serviceapi.ILaunchPluginService.processClassWithFlags(ILaunchPluginService.java:154) ~[modlauncher-8.1.3.jar:8.1.3+8.1.3+main-8.1.x.c94d18ec]
	at cpw.mods.modlauncher.LaunchPluginHandler.offerClassNodeToPlugins(LaunchPluginHandler.java:85) ~[modlauncher-8.1.3.jar:?]
	at cpw.mods.modlauncher.ClassTransformer.transform(ClassTransformer.java:120) ~[modlauncher-8.1.3.jar:?]
	at cpw.mods.modlauncher.TransformingClassLoader$DelegatedClassLoader.findClass(TransformingClassLoader.java:265) ~[modlauncher-8.1.3.jar:?]
	at cpw.mods.modlauncher.TransformingClassLoader.loadClass(TransformingClassLoader.java:136) ~[modlauncher-8.1.3.jar:?]
	at cpw.mods.modlauncher.TransformingClassLoader.loadClass(TransformingClassLoader.java:98) ~[modlauncher-8.1.3.jar:?]
	at java.lang.ClassLoader.loadClass(ClassLoader.java:351) ~[?:1.8.0-internal]
	at java.lang.Class.forName0(Native Method) ~[?:1.8.0-internal]
	at java.lang.Class.forName(Class.java:348) ~[?:1.8.0-internal]
	at net.minecraftforge.fml.loading.FMLClientLaunchProvider.lambda$launchService$0(FMLClientLaunchProvider.java:37) ~[forge-1.16.5-36.2.39.jar:36.2]
	at cpw.mods.modlauncher.LaunchServiceHandlerDecorator.launch(LaunchServiceHandlerDecorator.java:37) [modlauncher-8.1.3.jar:?]
	at cpw.mods.modlauncher.LaunchServiceHandler.launch(LaunchServiceHandler.java:54) [modlauncher-8.1.3.jar:?]
	at cpw.mods.modlauncher.LaunchServiceHandler.launch(LaunchServiceHandler.java:72) [modlauncher-8.1.3.jar:?]
	at cpw.mods.modlauncher.Launcher.run(Launcher.java:82) [modlauncher-8.1.3.jar:?]
	at cpw.mods.modlauncher.Launcher.main(Launcher.java:66) [modlauncher-8.1.3.jar:?]
Caused by: java.lang.IllegalArgumentException: Bad prefixes specified
	at cpw.mods.modlauncher.TransformationServiceDecorator.getClassLoader(TransformationServiceDecorator.java:138) ~[modlauncher-8.1.3.jar:?]
	... 34 more
[05Feb2023 15:22:15.655] [main/WARN] [mixin/]: Reference map 'miniutilities.refmap.json' for miniutilities.mixins.json could not be read. If this is a development environment you can ignore this message
[05Feb2023 15:22:15.670] [main/WARN] [mixin/]: Reference map 'lemonlib.refmap.json' for lemonlib.mixins.json could not be read. If this is a development environment you can ignore this message
[05Feb2023 15:22:15.995] [main/INFO] [com.performant.coremod.Performant/]: Performant configs loaded
[05Feb2023 15:22:17.395] [main/WARN] [ModernFix/]: Force-disabling mixin 'perf.thread_priorities.UtilMixin' as rule 'mixin.perf.thread_priorities' (added by mods [smoothboot]) disables it and children
[05Feb2023 15:22:17.436] [main/INFO] [io.github.zekerzhayard.optiforge.asm.transformers.ITransformerImpl/]: Transform: net/minecraft/world/server/ChunkManager
[05Feb2023 15:22:17.543] [main/INFO] [net.minecraftforge.coremod.CoreMod.observerlib/COREMODLOG]: Adding 'on_block_change' ASM patch...
[05Feb2023 15:22:17.593] [main/INFO] [net.minecraftforge.coremod.CoreMod.observerlib/COREMODLOG]: Added 'on_block_change' ASM patch!
[05Feb2023 15:22:18.361] [main/WARN] [ModernFix/]: Force-disabling mixin 'perf.thread_priorities.IntegratedServerMixin' as rule 'mixin.perf.thread_priorities' (added by mods [smoothboot]) disables it and children
[05Feb2023 15:22:18.434] [main/INFO] [io.github.zekerzhayard.optiforge.asm.transformers.ITransformerImpl/]: Transform: net/minecraft/client/renderer/model/ModelBakery
[05Feb2023 15:22:18.464] [main/INFO] [net.minecraftforge.coremod.CoreMod.placebo/COREMODLOG]: Patching ModelBakery#<init>
[05Feb2023 15:22:18.846] [main/INFO] [net.minecraftforge.coremod.CoreMod.apotheosis/COREMODLOG]: Patching EnchantmentHelper#getEnchantmentModifierDamage
[05Feb2023 15:22:18.928] [main/INFO] [net.minecraftforge.coremod.CoreMod.apotheosis/COREMODLOG]: Patching EnchantmentHelper#getModifierForCreature
[05Feb2023 15:22:18.982] [main/INFO] [net.minecraftforge.coremod.CoreMod.apotheosis/COREMODLOG]: Patching EnchantmentHelper#applyThornEnchantments
[05Feb2023 15:22:19.060] [main/INFO] [net.minecraftforge.coremod.CoreMod.apotheosis/COREMODLOG]: Patching EnchantmentHelper#applyArthropodEnchantments
[05Feb2023 15:22:19.096] [main/INFO] [net.minecraftforge.coremod.CoreMod.apotheosis/COREMODLOG]: Patching buildEnchantmentList for the Enchantability affix.
[05Feb2023 15:22:19.205] [main/INFO] [net.minecraftforge.coremod.CoreMod.apotheosis/COREMODLOG]: Patching EnchantmentHelper#getEnchantmentDatas
[05Feb2023 15:22:20.177] [main/INFO] [net.minecraftforge.coremod.CoreMod.placebo/COREMODLOG]: Patching LivingEntity#attackEntityFrom
[05Feb2023 15:22:20.272] [main/INFO] [net.minecraftforge.coremod.CoreMod.apotheosis/COREMODLOG]: Patching LivingEntity#blockUsingShield
[05Feb2023 15:22:20.295] [main/INFO] [net.minecraftforge.coremod.CoreMod.apotheosis/COREMODLOG]: Patching LivingEntity#applyPotionDamageCalculations
[05Feb2023 15:22:20.503] [main/INFO] [net.minecraftforge.coremod.CoreMod.apotheosis/COREMODLOG]: Patching FishingBobberEntity#catchingFish
[05Feb2023 15:22:20.642] [main/INFO] [io.github.zekerzhayard.optiforge.asm.transformers.ITransformerImpl/]: Transform: net/minecraft/client/entity/player/AbstractClientPlayerEntity
[05Feb2023 15:22:20.949] [main/INFO] [net.minecraftforge.coremod.CoreMod.observerlib/COREMODLOG]: Adding 'on_block_change' ASM patch...
[05Feb2023 15:22:20.954] [main/INFO] [net.minecraftforge.coremod.CoreMod.observerlib/COREMODLOG]: Added 'on_block_change' ASM patch!
[05Feb2023 15:22:20.987] [main/INFO] [io.github.zekerzhayard.optiforge.asm.transformers.ITransformerImpl/]: Transform: net/minecraft/client/renderer/WorldRenderer
[05Feb2023 15:22:21.081] [main/ERROR] [net.minecraftforge.coremod.transformer.CoreModBaseTransformer/COREMOD]: Error occurred applying transform of coremod META-INF/asm/multipart.js function render
java.lang.NullPointerException: null
	at org.objectweb.asm.tree.InsnList.insert(InsnList.java:343) ~[asm-tree-9.1.jar:9.1]
	at jdk.nashorn.internal.scripts.Script$Recompilation$149$5956A$\^eval\_.initializeCoreMod#transformer-3(<eval>:135) ~[?:?]
	at jdk.nashorn.internal.runtime.ScriptFunctionData.invoke(ScriptFunctionData.java:639) ~[nashorn.jar:?]
	at jdk.nashorn.internal.runtime.ScriptFunction.invoke(ScriptFunction.java:494) ~[nashorn.jar:?]
	at jdk.nashorn.internal.runtime.ScriptRuntime.apply(ScriptRuntime.java:393) ~[nashorn.jar:?]
	at jdk.nashorn.api.scripting.ScriptObjectMirror.call(ScriptObjectMirror.java:117) ~[nashorn.jar:?]
	at net.minecraftforge.coremod.NashornFactory.lambda$getFunction$0(NashornFactory.java:18) ~[coremods-4.0.6.jar:4.0.6+14+master.c21a551]
	at net.minecraftforge.coremod.transformer.CoreModMethodTransformer.runCoremod(CoreModMethodTransformer.java:18) ~[coremods-4.0.6.jar:?]
	at net.minecraftforge.coremod.transformer.CoreModMethodTransformer.runCoremod(CoreModMethodTransformer.java:10) ~[coremods-4.0.6.jar:?]
	at net.minecraftforge.coremod.transformer.CoreModBaseTransformer.transform(CoreModBaseTransformer.java:38) ~[coremods-4.0.6.jar:?]
	at cpw.mods.modlauncher.TransformerHolder.transform(TransformerHolder.java:41) ~[modlauncher-8.1.3.jar:?]
	at cpw.mods.modlauncher.ClassTransformer.performVote(ClassTransformer.java:179) ~[modlauncher-8.1.3.jar:?]
	at cpw.mods.modlauncher.ClassTransformer.transform(ClassTransformer.java:111) ~[modlauncher-8.1.3.jar:?]
	at cpw.mods.modlauncher.TransformingClassLoader$DelegatedClassLoader.findClass(TransformingClassLoader.java:265) ~[modlauncher-8.1.3.jar:?]
	at cpw.mods.modlauncher.TransformingClassLoader.buildTransformedClassNodeFor(TransformingClassLoader.java:142) ~[modlauncher-8.1.3.jar:?]
	at cpw.mods.modlauncher.LaunchPluginHandler.lambda$null$8(LaunchPluginHandler.java:97) ~[modlauncher-8.1.3.jar:?]
	at org.spongepowered.asm.launch.MixinLaunchPluginLegacy.getClassNode(MixinLaunchPluginLegacy.java:222) ~[mixin-0.8.4.jar:0.8.4+Jenkins-b308.git-2accda5000f7602229606b39437565542cc6fba4]
	at org.spongepowered.asm.launch.MixinLaunchPluginLegacy.getClassNode(MixinLaunchPluginLegacy.java:207) ~[mixin-0.8.4.jar:0.8.4+Jenkins-b308.git-2accda5000f7602229606b39437565542cc6fba4]
	at org.spongepowered.asm.mixin.transformer.ClassInfo.forName(ClassInfo.java:2005) ~[mixin-0.8.4.jar:0.8.4+Jenkins-b308.git-2accda5000f7602229606b39437565542cc6fba4]
	at org.spongepowered.asm.mixin.transformer.MixinInfo.getTargetClass(MixinInfo.java:1017) ~[mixin-0.8.4.jar:0.8.4+Jenkins-b308.git-2accda5000f7602229606b39437565542cc6fba4]
	at org.spongepowered.asm.mixin.transformer.MixinInfo.readTargetClasses(MixinInfo.java:1007) ~[mixin-0.8.4.jar:0.8.4+Jenkins-b308.git-2accda5000f7602229606b39437565542cc6fba4]
	at org.spongepowered.asm.mixin.transformer.MixinInfo.parseTargets(MixinInfo.java:895) ~[mixin-0.8.4.jar:0.8.4+Jenkins-b308.git-2accda5000f7602229606b39437565542cc6fba4]
	at org.spongepowered.asm.mixin.transformer.MixinConfig.prepareMixins(MixinConfig.java:867) ~[mixin-0.8.4.jar:0.8.4+Jenkins-b308.git-2accda5000f7602229606b39437565542cc6fba4]
	at org.spongepowered.asm.mixin.transformer.MixinConfig.prepare(MixinConfig.java:779) ~[mixin-0.8.4.jar:0.8.4+Jenkins-b308.git-2accda5000f7602229606b39437565542cc6fba4]
	at org.spongepowered.asm.mixin.transformer.MixinProcessor.prepareConfigs(MixinProcessor.java:539) ~[mixin-0.8.4.jar:0.8.4+Jenkins-b308.git-2accda5000f7602229606b39437565542cc6fba4]
	at org.spongepowered.asm.mixin.transformer.MixinProcessor.select(MixinProcessor.java:462) ~[mixin-0.8.4.jar:0.8.4+Jenkins-b308.git-2accda5000f7602229606b39437565542cc6fba4]
	at org.spongepowered.asm.mixin.transformer.MixinProcessor.checkSelect(MixinProcessor.java:438) ~[mixin-0.8.4.jar:0.8.4+Jenkins-b308.git-2accda5000f7602229606b39437565542cc6fba4]
	at org.spongepowered.asm.mixin.transformer.MixinProcessor.applyMixins(MixinProcessor.java:290) ~[mixin-0.8.4.jar:0.8.4+Jenkins-b308.git-2accda5000f7602229606b39437565542cc6fba4]
	at org.spongepowered.asm.mixin.transformer.MixinTransformer.transformClass(MixinTransformer.java:250) ~[mixin-0.8.4.jar:0.8.4+Jenkins-b308.git-2accda5000f7602229606b39437565542cc6fba4]
	at org.spongepowered.asm.service.modlauncher.MixinTransformationHandler.processClass(MixinTransformationHandler.java:131) ~[mixin-0.8.4.jar:0.8.4+Jenkins-b308.git-2accda5000f7602229606b39437565542cc6fba4]
	at org.spongepowered.asm.launch.MixinLaunchPluginLegacy.processClass(MixinLaunchPluginLegacy.java:131) ~[mixin-0.8.4.jar:0.8.4+Jenkins-b308.git-2accda5000f7602229606b39437565542cc6fba4]
	at cpw.mods.modlauncher.serviceapi.ILaunchPluginService.processClassWithFlags(ILaunchPluginService.java:154) ~[modlauncher-8.1.3.jar:8.1.3+8.1.3+main-8.1.x.c94d18ec]
	at cpw.mods.modlauncher.LaunchPluginHandler.offerClassNodeToPlugins(LaunchPluginHandler.java:85) ~[modlauncher-8.1.3.jar:?]
	at cpw.mods.modlauncher.ClassTransformer.transform(ClassTransformer.java:120) ~[modlauncher-8.1.3.jar:?]
	at cpw.mods.modlauncher.TransformingClassLoader$DelegatedClassLoader.findClass(TransformingClassLoader.java:265) ~[modlauncher-8.1.3.jar:?]
	at cpw.mods.modlauncher.TransformingClassLoader.loadClass(TransformingClassLoader.java:136) ~[modlauncher-8.1.3.jar:?]
	at cpw.mods.modlauncher.TransformingClassLoader.loadClass(TransformingClassLoader.java:98) ~[modlauncher-8.1.3.jar:?]
	at java.lang.ClassLoader.loadClass(ClassLoader.java:351) ~[?:1.8.0-internal]
	at java.lang.Class.forName0(Native Method) ~[?:1.8.0-internal]
	at java.lang.Class.forName(Class.java:348) ~[?:1.8.0-internal]
	at net.minecraftforge.fml.loading.FMLClientLaunchProvider.lambda$launchService$0(FMLClientLaunchProvider.java:37) ~[forge-1.16.5-36.2.39.jar:36.2]
	at cpw.mods.modlauncher.LaunchServiceHandlerDecorator.launch(LaunchServiceHandlerDecorator.java:37) [modlauncher-8.1.3.jar:?]
	at cpw.mods.modlauncher.LaunchServiceHandler.launch(LaunchServiceHandler.java:54) [modlauncher-8.1.3.jar:?]
	at cpw.mods.modlauncher.LaunchServiceHandler.launch(LaunchServiceHandler.java:72) [modlauncher-8.1.3.jar:?]
	at cpw.mods.modlauncher.Launcher.run(Launcher.java:82) [modlauncher-8.1.3.jar:?]
	at cpw.mods.modlauncher.Launcher.main(Launcher.java:66) [modlauncher-8.1.3.jar:?]
[05Feb2023 15:22:21.295] [main/INFO] [net.minecraftforge.coremod.CoreMod.placebo/COREMODLOG]: Patching LivingEntity#attackEntityFrom
[05Feb2023 15:22:21.340] [main/INFO] [net.minecraftforge.coremod.CoreMod.apotheosis/COREMODLOG]: Patching LivingEntity#blockUsingShield
[05Feb2023 15:22:21.344] [main/INFO] [net.minecraftforge.coremod.CoreMod.apotheosis/COREMODLOG]: Patching LivingEntity#applyPotionDamageCalculations
[05Feb2023 15:22:21.933] [main/INFO] [net.minecraftforge.coremod.CoreMod.placebo/COREMODLOG]: Patching ItemStack#onItemUse
[05Feb2023 15:22:22.440] [main/INFO] [net.minecraftforge.coremod.CoreMod.astralsorcery/COREMODLOG]: Adding 'reach_set_server_entity_interact' ASM patch...
[05Feb2023 15:22:22.470] [main/INFO] [net.minecraftforge.coremod.CoreMod.astralsorcery/COREMODLOG]: Added 'reach_set_server_entity_interact' ASM patch!
[05Feb2023 15:22:22.680] [main/INFO] [net.minecraftforge.coremod.CoreMod.astralsorcery/COREMODLOG]: Adding 'reach_set_client_renderer' ASM patch...
[05Feb2023 15:22:22.688] [main/INFO] [net.minecraftforge.coremod.CoreMod.astralsorcery/COREMODLOG]: Added 'reach_set_client_renderer' ASM patch!
[05Feb2023 15:22:22.745] [main/INFO] [io.github.zekerzhayard.optiforge.asm.transformers.ITransformerImpl/]: Transform: net/minecraft/client/renderer/entity/LivingRenderer
[05Feb2023 15:22:22.809] [main/WARN] [mixin/]: Error loading class: top/theillusivec4/culinaryconstruct/common/item/CulinaryItemBase (java.lang.ClassNotFoundException: null)
[05Feb2023 15:22:22.811] [main/WARN] [mixin/]: @Mixin target top.theillusivec4.culinaryconstruct.common.item.CulinaryItemBase was not found origins.forge.mixins.json:compat.cconstruct.CulinaryItemBaseMixin
[05Feb2023 15:22:22.843] [main/WARN] [mixin/]: Error loading class: org/jwaresoftware/mcmods/vfp/common/VfpPantryItem (java.lang.ClassNotFoundException: null)
[05Feb2023 15:22:22.845] [main/WARN] [mixin/]: @Mixin target org.jwaresoftware.mcmods.vfp.common.VfpPantryItem was not found origins.forge.mixins.json:compat.vfp.VfpPantryItemMixin
[05Feb2023 15:22:22.890] [main/INFO] [io.github.zekerzhayard.optiforge.asm.transformers.ITransformerImpl/]: Transform: net/minecraft/client/renderer/entity/ItemRenderer
[05Feb2023 15:22:22.899] [main/INFO] [io.github.zekerzhayard.optiforge.asm.transformers.ITransformerImpl/]: Transform: net/minecraft/client/renderer/entity/ItemFrameRenderer
[05Feb2023 15:22:22.963] [main/WARN] [IMixinConfigPlugin/]: Inventory Profiles Next: Doing our own dependency resolving! Because Forge is being Forge....: https://github.com/MinecraftForge/MinecraftForge/issues/9088
[05Feb2023 15:22:23.418] [main/INFO] [net.minecraftforge.coremod.CoreMod.placebo/COREMODLOG]: Patching DataPackRegistries#<init>
[05Feb2023 15:22:23.951] [main/INFO] [io.github.zekerzhayard.optiforge.asm.transformers.ITransformerImpl/]: Transform: net/minecraft/client/renderer/texture/AtlasTexture
[05Feb2023 15:22:24.155] [main/INFO] [net.minecraftforge.coremod.CoreMod.apotheosis/COREMODLOG]: Patching TemptGoal#isTempting
[05Feb2023 15:22:24.249] [main/INFO] [io.github.zekerzhayard.optiforge.asm.transformers.ITransformerImpl/]: Transform: net/minecraft/client/renderer/entity/layers/BipedArmorLayer
[05Feb2023 15:22:24.782] [main/INFO] [io.github.zekerzhayard.optiforge.asm.transformers.ITransformerImpl/]: Transform: net/minecraft/client/renderer/FirstPersonRenderer
[05Feb2023 15:22:25.231] [main/INFO] [com.performant.coremod.Performant/]: Not enabling mixin forcom.performant.coremod.mixin.forge.BasicEventHooksMixin as config disables it.
[05Feb2023 15:22:25.241] [main/INFO] [com.performant.coremod.Performant/]: Not enabling mixin forcom.performant.coremod.mixin.world.WorldMixin as config disables it.
[05Feb2023 15:22:25.293] [main/INFO] [com.performant.coremod.Performant/]: Not enabling mixin forcom.performant.coremod.mixin.entity.LivingEntityUpdateEventMixin as config disables it.
[05Feb2023 15:22:25.529] [main/INFO] [io.github.zekerzhayard.optiforge.asm.transformers.ITransformerImpl/]: Transform: net/minecraft/network/datasync/EntityDataManager
[05Feb2023 15:22:25.586] [main/INFO] [com.performant.coremod.Performant/]: Disabling dynamic entity rendering as entity culling is present
[05Feb2023 15:22:25.587] [main/INFO] [com.performant.coremod.Performant/]: Not enabling mixin forcom.performant.coremod.mixin.entity.EntityFPSMixin as config disables it.
[05Feb2023 15:22:25.591] [main/INFO] [com.performant.coremod.Performant/]: Disabling dynamic entity rendering as entity culling is present
[05Feb2023 15:22:25.592] [main/INFO] [com.performant.coremod.Performant/]: Not enabling mixin forcom.performant.coremod.mixin.entity.EntityRendererFPSMixin as config disables it.
[05Feb2023 15:22:27.132] [main/INFO] [STDOUT/]: [net.minecraft.client.main.Main:main:80]: Completely ignored arguments: [--tweakClass, optifine.OptiFineForgeTweaker, ]
[05Feb2023 15:22:27.920] [main/INFO] [io.github.zekerzhayard.optiforge.asm.transformers.ITransformerImpl/]: Transform: net/optifine/reflect/ReflectorClass
[05Feb2023 15:22:28.954] [main/INFO] [net.minecraftforge.coremod.CoreMod.observerlib/COREMODLOG]: Adding 'on_block_change' ASM patch...
[05Feb2023 15:22:28.956] [main/INFO] [net.minecraftforge.coremod.CoreMod.observerlib/COREMODLOG]: Added 'on_block_change' ASM patch!
[05Feb2023 15:22:29.085] [main/INFO] [net.minecraftforge.coremod.CoreMod.placebo/COREMODLOG]: Patching BlockModelShapes#getModelLocation
[05Feb2023 15:22:29.560] [main/INFO] [net.minecraftforge.coremod.CoreMod.placebo/COREMODLOG]: Patching LivingEntity#attackEntityFrom
[05Feb2023 15:22:29.578] [main/INFO] [net.minecraftforge.coremod.CoreMod.apotheosis/COREMODLOG]: Patching LivingEntity#blockUsingShield
[05Feb2023 15:22:29.579] [main/INFO] [net.minecraftforge.coremod.CoreMod.apotheosis/COREMODLOG]: Patching LivingEntity#applyPotionDamageCalculations
[05Feb2023 15:22:29.851] [main/INFO] [net.minecraftforge.coremod.CoreMod.apotheosis/COREMODLOG]: Patching SharedMonsterAttributes#readAttributeModifier
[05Feb2023 15:22:30.179] [main/INFO] [io.github.zekerzhayard.optiforge.asm.transformers.ITransformerImpl/]: Transform: net/minecraft/client/renderer/WorldRenderer
[05Feb2023 15:22:30.193] [main/ERROR] [net.minecraftforge.coremod.transformer.CoreModBaseTransformer/COREMOD]: Error occurred applying transform of coremod META-INF/asm/multipart.js function render
java.lang.NullPointerException: null
	at org.objectweb.asm.tree.InsnList.insert(InsnList.java:343) ~[asm-tree-9.1.jar:9.1]
	at jdk.nashorn.internal.scripts.Script$Recompilation$149$5956A$\^eval\_.initializeCoreMod#transformer-3(<eval>:135) ~[?:?]
	at jdk.nashorn.internal.runtime.ScriptFunctionData.invoke(ScriptFunctionData.java:639) ~[nashorn.jar:?]
	at jdk.nashorn.internal.runtime.ScriptFunction.invoke(ScriptFunction.java:494) ~[nashorn.jar:?]
	at jdk.nashorn.internal.runtime.ScriptRuntime.apply(ScriptRuntime.java:393) ~[nashorn.jar:?]
	at jdk.nashorn.api.scripting.ScriptObjectMirror.call(ScriptObjectMirror.java:117) ~[nashorn.jar:?]
	at net.minecraftforge.coremod.NashornFactory.lambda$getFunction$0(NashornFactory.java:18) ~[coremods-4.0.6.jar:4.0.6+14+master.c21a551]
	at net.minecraftforge.coremod.transformer.CoreModMethodTransformer.runCoremod(CoreModMethodTransformer.java:18) ~[coremods-4.0.6.jar:?]
	at net.minecraftforge.coremod.transformer.CoreModMethodTransformer.runCoremod(CoreModMethodTransformer.java:10) ~[coremods-4.0.6.jar:?]
	at net.minecraftforge.coremod.transformer.CoreModBaseTransformer.transform(CoreModBaseTransformer.java:38) ~[coremods-4.0.6.jar:?]
	at cpw.mods.modlauncher.TransformerHolder.transform(TransformerHolder.java:41) ~[modlauncher-8.1.3.jar:?]
	at cpw.mods.modlauncher.ClassTransformer.performVote(ClassTransformer.java:179) ~[modlauncher-8.1.3.jar:?]
	at cpw.mods.modlauncher.ClassTransformer.transform(ClassTransformer.java:111) ~[modlauncher-8.1.3.jar:?]
	at cpw.mods.modlauncher.TransformingClassLoader$DelegatedClassLoader.findClass(TransformingClassLoader.java:265) ~[modlauncher-8.1.3.jar:?]
	at cpw.mods.modlauncher.TransformingClassLoader.loadClass(TransformingClassLoader.java:136) ~[modlauncher-8.1.3.jar:?]
	at cpw.mods.modlauncher.TransformingClassLoader.loadClass(TransformingClassLoader.java:98) ~[modlauncher-8.1.3.jar:?]
	at java.lang.ClassLoader.loadClass(ClassLoader.java:351) ~[?:1.8.0-internal]
	at net.optifine.reflect.Reflector.<clinit>(Reflector.java:307) ~[?:?]
	at net.minecraft.crash.CrashReport.func_71504_g(CrashReport.java:101) ~[?:?]
	at net.minecraft.crash.CrashReport.<init>(CrashReport.java:54) ~[?:?]
	at net.minecraft.crash.CrashReport.func_230188_h_(CrashReport.java:425) ~[?:?]
	at net.minecraft.client.main.Main.main(Main.java:122) ~[1.16.5.jar:?]
	at sun.reflect.NativeMethodAccessorImpl.invoke0(Native Method) ~[?:1.8.0-internal]
	at sun.reflect.NativeMethodAccessorImpl.invoke(NativeMethodAccessorImpl.java:62) ~[?:1.8.0-internal]
	at sun.reflect.DelegatingMethodAccessorImpl.invoke(DelegatingMethodAccessorImpl.java:43) ~[?:1.8.0-internal]
	at java.lang.reflect.Method.invoke(Method.java:498) ~[?:1.8.0-internal]
	at net.minecraftforge.fml.loading.FMLClientLaunchProvider.lambda$launchService$0(FMLClientLaunchProvider.java:37) ~[forge-1.16.5-36.2.39.jar:36.2]
	at cpw.mods.modlauncher.LaunchServiceHandlerDecorator.launch(LaunchServiceHandlerDecorator.java:37) [modlauncher-8.1.3.jar:?]
	at cpw.mods.modlauncher.LaunchServiceHandler.launch(LaunchServiceHandler.java:54) [modlauncher-8.1.3.jar:?]
	at cpw.mods.modlauncher.LaunchServiceHandler.launch(LaunchServiceHandler.java:72) [modlauncher-8.1.3.jar:?]
	at cpw.mods.modlauncher.Launcher.run(Launcher.java:82) [modlauncher-8.1.3.jar:?]
	at cpw.mods.modlauncher.Launcher.main(Launcher.java:66) [modlauncher-8.1.3.jar:?]
[05Feb2023 15:22:30.695] [main/INFO] [io.github.zekerzhayard.optiforge.asm.transformers.ITransformerImpl/]: Transform: net/minecraft/client/entity/player/AbstractClientPlayerEntity
[05Feb2023 15:22:30.883] [main/INFO] [net.minecraftforge.coremod.CoreMod.placebo/COREMODLOG]: Patching ItemStack#onItemUse
[05Feb2023 15:22:31.262] [main/INFO] [io.github.zekerzhayard.optiforge.asm.transformers.ITransformerImpl/]: Transform: net/minecraft/client/renderer/entity/ItemFrameRenderer
[05Feb2023 15:22:31.298] [main/INFO] [io.github.zekerzhayard.optiforge.asm.transformers.ITransformerImpl/]: Transform: net/minecraft/client/renderer/entity/LivingRenderer
[05Feb2023 15:22:31.910] [main/INFO] [io.github.zekerzhayard.optiforge.asm.transformers.ITransformerImpl/]: Transform: net/minecraft/client/entity/player/AbstractClientPlayerEntity
[05Feb2023 15:22:32.188] [main/INFO] [io.github.zekerzhayard.optiforge.asm.transformers.ITransformerImpl/]: Transform: net/minecraft/client/renderer/FirstPersonRenderer
[05Feb2023 15:22:32.288] [main/INFO] [net.minecraftforge.coremod.CoreMod.astralsorcery/COREMODLOG]: Adding 'reach_set_client_renderer' ASM patch...
[05Feb2023 15:22:32.289] [main/INFO] [net.minecraftforge.coremod.CoreMod.astralsorcery/COREMODLOG]: Added 'reach_set_client_renderer' ASM patch!
[05Feb2023 15:22:33.443] [main/INFO] [MoreCrashInfo/]: 
	Forge CoreMods: 
		| ID               | Name                             | Source                              | Status | 
		| ---------------- | -------------------------------- | ----------------------------------- | ------ | 
		| astralsorcery    | reach_set_server_entity_interact | reach_set_server_entity_interact.js | Loaded | 
		| astralsorcery    | reach_set_client_renderer        | reach_set_client_renderer.js        | Loaded | 
		| xaeroworldmap    | xaeroworldmap_core               | xaeroworldmap_core.js               | Loaded | 
		| placebo          | block_statemap                   | block_statemap.js                   | Loaded | 
		| placebo          | item_statemap                    | item_statemap.js                    | Loaded | 
		| placebo          | recipe_manager                   | recipe_manager.js                   | Loaded | 
		| placebo          | loot_tables                      | loot_manager.js                     | Loaded | 
		| placebo          | item_use                         | item_use_hook.js                    | Loaded | 
		| placebo          | shield_block                     | shield_block_hook.js                | Loaded | 
		| apotheosis       | true_infinity                    | true_infinity.js                    | Loaded | 
		| apotheosis       | sundering                        | sundering.js                        | Loaded | 
		| apotheosis       | enchantment_datas                | enchantment_datas.js                | Loaded | 
		| apotheosis       | tempting                         | tempting.js                         | Loaded | 
		| apotheosis       | reflective                       | reflective.js                       | Loaded | 
		| apotheosis       | calc_stack_ench                  | calc_stack_ench.js                  | Loaded | 
		| apotheosis       | container_repair                 | container_repair.js                 | Loaded | 
		| apotheosis       | enchantability                   | enchantability.js                   | Loaded | 
		| apotheosis       | gui_repair                       | gui_repair.js                       | Loaded | 
		| apotheosis       | combat_rules                     | combat_rules.js                     | Loaded | 
		| apotheosis       | fishing_bobber                   | fishing_bobber.js                   | Loaded | 
		| apotheosis       | affix_entity_dmg                 | affix_entity_dmg.js                 | Loaded | 
		| apotheosis       | affix_extra_dmg                  | affix_extra_dmg.js                  | Loaded | 
		| apotheosis       | affix_prot_level                 | affix_prot_level.js                 | Loaded | 
		| apotheosis       | affix_user_hurt                  | affix_user_hurt.js                  | Loaded | 
		| apotheosis       | stack_modifier_hack              | stack_modifier_hack.js              | Loaded | 
		| apotheosis       | crossbow                         | crossbow.js                         | Loaded | 
		| apotheosis       | crossbow_arrows                  | crossbow_arrows.js                  | Loaded | 
		| apotheosis       | max_level_redirects              | max_level_redirects.js              | Loaded | 
		| apotheosis       | soulfire_recipes                 | campfire.js                         | Loaded | 
		| apotheosis       | mythics_anvil                    | mythics_anvil.js                    | Loaded | 
		| twilightforest   | seed                             | seed.js                             | Loaded | 
		| twilightforest   | maprendercontext                 | maprendercontext.js                 | Loaded | 
		| twilightforest   | music                            | music.js                            | Loaded | 
		| twilightforest   | multipart                        | multipart.js                        | Loaded | 
		| aireducer        | AIReducer Transformer            | aireducer-transformer.js            | Loaded | 
		| observerlib      | on_block_change                  | on_block_change.js                  | Loaded | 
		| customskinloader | transformers                     | transformers.js                     | Loaded | 
		| configured       | Configured                       | set_background_texture.js           | Loaded | 
		| forge            | fieldtomethodtransformers        | fieldtomethodtransformers.js        | Loaded | 
		| forge            | field_to_instanceof              | field_to_instanceof.js              | Loaded | 
		| forge            | add_bouncer_method               | add_bouncer_method.js               | Loaded | 
		| xaerominimap     | xaerominimap_core                | xaerominimap_core.js                | Loaded | 
	Mixin Configs: 
		| Name                                           | Mixin Package                                   | Priority | Required | Targets | 
		| ---------------------------------------------- | ----------------------------------------------- | -------- | -------- | ------- | 
		| saturn.mixins.json                             | com.abdelaziz.saturn.mixin.                     | 1000     | true     | 1       | 
		| notenoughcrashes.mixins.json                   | fudge.notenoughcrashes.mixins.                  | 1000     | true     | 6       | 
		| notenoughcrashes.forge.mixins.json             | fudge.notenoughcrashes.forge.mixins.            | 1000     | true     | 2       | 
		| modernfix.mixins.json                          | org.embeddedt.modernfix.mixin.                  | 1000     | true     | 31      | 
		| yungsapi.mixins.json                           | com.yungnickyoung.minecraft.yungsapi.mixin.     | 1000     | true     | 1       | 
		| toolleveling.mixins.json                       | com.tristankechlo.toolleveling.mixin.           | 1000     | true     | 1       | 
		| apotheosis.mixins.json                         | shadows.apotheosis.mixin.                       | 1000     | true     | 7       | 
		| mixins.litematica.json                         | fi.dy.masa.litematica.mixin.                    | 1000     | true     | 22      | 
		| fpsreducer.mixins.json                         | bre2el.fpsreducer.mixin.                        | 1000     | true     | 1       | 
		| chat_heads.mixins.json                         | dzwdz.chat_heads.mixin.                         | 1000     | true     | 4       | 
		| morph.mixins.json                              | me.ichun.mods.morph.mixin.                      | 1000     | true     | 8       | 
		| farmersdelight.mixins.json                     | vectorwing.farmersdelight.mixin.                | 1000     | true     | 8       | 
		| supermartijn642corelib.mixins.json             | com.supermartijn642.core.mixin.                 | 1000     | true     | 4       | 
		| origins.mixins.json                            | io.github.apace100.origins.mixin.               | 1000     | false    | 25      | 
		| origins.forge.mixins.json                      | io.github.apace100.origins.mixin.forge.         | 1000     | false    | 7       | 
		| obfuscate.mixins.json                          | com.mrcrayfish.obfuscate.mixin.                 | 1000     | true     | 7       | 
		| mixins.malilib.json                            | fi.dy.masa.malilib.mixin.                       | 1000     | true     | 2       | 
		| mixins.ipnext.json                             | org.anti_ad.mc.ipnext.mixin.                    | 1000     | true     | 5       | 
		| cfm.mixins.json                                | com.mrcrayfish.furniture.mixin.                 | 1000     | true     | 1       | 
		| architectury.mixins.json                       | me.shedaniel.architectury.mixin.forge.          | 1000     | true     | 16      | 
		| architectury-common.mixins.json                | me.shedaniel.architectury.mixin.                | 1000     | true     | 8       | 
		| mixins.codechickenlib.json                     | codechicken.lib.internal.mixin.                 | 1000     | true     | 2       | 
		| miniutilities.mixins.json                      | onelemonyboi.miniutilities.mixin.               | 1000     | true     | 0       | 
		| ftblibrary-common.mixins.json                  | dev.ftb.mods.ftblibrary.core.mixin.common.      | 1000     | true     | 4       | 
		| cgm.mixins.json                                | com.mrcrayfish.guns.mixin.                      | 1000     | true     | 8       | 
		| aoa3.mixins.json                               | net.tslat.aoa3.mixin.                           | 1000     | true     | 12      | 
		| itemfilters-common.mixins.json                 | dev.latvian.mods.itemfilters.core.mixin.common. | 1000     | true     | 1       | 
		| caelus.mixins.json                             | top.theillusivec4.caelus.mixin.                 | 1000     | true     | 4       | 
		| lemonlib.mixins.json                           | onelemonyboi.lemonlib.mixin.                    | 1000     | true     | 0       | 
		| mixins.waystones.json                          | net.blay09.mods.waystones.mixin.                | 1000     | true     | 1       | 
		| fastsuite.mixins.json                          | shadows.fastsuite.mixin.                        | 1000     | true     | 2       | 
		| appliedenergistics2.mixins.json                | appeng.mixins.                                  | 1000     | true     | 13      | 
		| lock_and_key.mixins.json                       | com.legacy.lock_and_key.mixin.                  | 1000     | true     | 1       | 
		| lazydfu.mixins.json                            | me.steinborn.lazydfu.mixin.                     | 1000     | true     | 1       | 
		| mixins.draconicevolution.json                  | com.brandon3055.draconicevolution.mixin.        | 1000     | true     | 3       | 
		| mixins.cofhcore.json                           | cofh.core.mixin.                                | 1000     | true     | 1       | 
		| immersiveengineering.mixins.json               | blusunrize.immersiveengineering.mixin.          | 1000     | true     | 32      | 
		| smoothboot.mixins.json                         | io.github.ultimateboomer.smoothboot.mixin.      | 1000     | true     | 4       | 
		| ksyxis.mixins.json                             | ru.vidtu.ksyxis.mixins.                         | 1000     | true     | 1       | 
		| iceberg.mixins.json                            | com.anthonyhilyard.iceberg.mixin.               | 1000     | true     | 4       | 
		| flywheel.mixins.json                           | com.jozufozu.flywheel.mixin.                    | 1000     | true     | 11      | 
		| fastbench.mixins.json                          | shadows.fastbench.mixin.                        | 1000     | true     | 3       | 
		| quark.mixins.json                              | vazkii.quark.mixin.                             | 1000     | true     | 38      | 
		| quitconfirm.mixins.json                        | moe.caa.forge.quitconfirm.client.mixin.         | 1000     | true     | 2       | 
		| entityculling.mixins.json                      | dev.tr7zw.entityculling.mixin.                  | 1000     | true     | 7       | 
		| fastfurnace.mixins.json                        | shadows.fastfurnace.mixin.                      | 1000     | true     | 1       | 
		| ferritecore.predicates.mixin.json              | malte0811.ferritecore.mixin.predicates.         | 1000     | true     | 3       | 
		| ferritecore.fastmap.mixin.json                 | malte0811.ferritecore.mixin.fastmap.            | 1000     | true     | 1       | 
		| ferritecore.mrl.mixin.json                     | malte0811.ferritecore.mixin.mrl.                | 1000     | true     | 2       | 
		| ferritecore.dedupmultipart.mixin.json          | malte0811.ferritecore.mixin.dedupmultipart.     | 1000     | true     | 2       | 
		| ferritecore.blockstatecache.mixin.json         | malte0811.ferritecore.mixin.blockstatecache.    | 1000     | true     | 8       | 
		| ferritecore.dedupbakedquad.mixin.json          | malte0811.ferritecore.mixin.dedupbakedquad.     | 1000     | true     | 2       | 
		| ferritecore.chunknbt.mixin.json                | malte0811.ferritecore.mixin.chunknbt.           | 1000     | true     | 1       | 
		| betterf3.mixins.json                           | me.cominixo.betterf3.mixin.                     | 1000     | true     | 9       | 
		| betterf3.forge.mixins.json                     | me.treyruffy.betterf3.mixin.                    | 1000     | true     | 1       | 
		| infinityitemeditor.mixins.json                 | infinityitemeditor.mixin.                       | 1000     | true     | 3       | 
		| createaddition.mixins.json                     | com.mrh0.createaddition.mixin.                  | 1000     | true     | 1       | 
		| ibeeditor-common.mixins.json                   | com.github.franckyi.ibeeditor.mixin.            | 1000     | true     | 6       | 
		| assets/astralsorcery/astralsorcery.mixins.json | hellfirepvp.astralsorcery.mixin.                | 1000     | true     | 15      | 
		| assets/botania/botania.mixins.json             | vazkii.botania.mixin.                           | 1000     | true     | 41      | 
		| assets/patchouli/patchouli.mixins.json         | vazkii.patchouli.mixin.                         | 1000     | true     | 1       | 
		| performant.mixins.json                         | com.performant.coremod.mixin.                   | 1000     | false    | 46      | 
		| create.mixins.json                             | com.simibubi.create.foundation.mixin.           | 1100     | true     | 7       | 

[05Feb2023 15:22:37.134] [pool-3-thread-1/INFO] [FerriteCore - class definer/]: Using Java 8 class definer
[05Feb2023 15:22:37.852] [pool-3-thread-1/INFO] [net.minecraftforge.coremod.CoreMod.apotheosis/COREMODLOG]: Patching SharedMonsterAttributes#readAttributeModifier
[05Feb2023 15:22:38.613] [pool-3-thread-1/INFO] [net.minecraftforge.coremod.CoreMod.apotheosis/COREMODLOG]: Patching RepairContainer#updateRepairOutput
[05Feb2023 15:22:38.645] [pool-3-thread-1/INFO] [net.minecraftforge.coremod.CoreMod.apotheosis/COREMODLOG]: Successfully removed the anvil level cap.
[05Feb2023 15:22:38.661] [pool-3-thread-1/INFO] [net.minecraftforge.coremod.CoreMod.apotheosis/COREMODLOG]: Patching RepairContainer#updateRepairOutput
[05Feb2023 15:22:38.683] [pool-3-thread-1/INFO] [net.minecraftforge.coremod.CoreMod.apotheosis/COREMODLOG]: Successfully allowed nbt-unbreakable items in the anvil.
[05Feb2023 15:22:38.746] [pool-3-thread-1/INFO] [net.minecraftforge.coremod.CoreMod.apotheosis/COREMODLOG]: Patching net/minecraft/inventory/container/RepairContainer
[05Feb2023 15:22:39.367] [pool-3-thread-1/INFO] [net.minecraftforge.coremod.CoreMod.apotheosis/COREMODLOG]: Patching CampfireTileEntity#findMatchingRecipe
[05Feb2023 15:22:41.810] [pool-3-thread-1/INFO] [net.minecraftforge.coremod.CoreMod.apotheosis/COREMODLOG]: Patching TemptGoal#isTempting
[05Feb2023 15:22:44.699] [pool-3-thread-1/INFO] [io.github.zekerzhayard.optiforge.asm.transformers.ITransformerImpl/]: Transform: net/minecraft/client/renderer/entity/ItemRenderer
[05Feb2023 15:22:44.964] [pool-3-thread-1/INFO] [net.minecraftforge.coremod.CoreMod.apotheosis/COREMODLOG]: Patching ItemArrow#isInfinite
[05Feb2023 15:22:45.150] [pool-3-thread-1/INFO] [net.minecraftforge.coremod.CoreMod.apotheosis/COREMODLOG]: Patching net/minecraft/item/EnchantedBookItem
[05Feb2023 15:22:45.235] [pool-3-thread-1/INFO] [net.minecraftforge.coremod.CoreMod.apotheosis/COREMODLOG]: Patching CrossbowItem#onItemRightClick
[05Feb2023 15:22:45.255] [pool-3-thread-1/INFO] [net.minecraftforge.coremod.CoreMod.apotheosis/COREMODLOG]: Patching CrossbowItem#fireProjectile
[05Feb2023 15:22:45.532] [pool-3-thread-1/INFO] [net.minecraftforge.coremod.CoreMod.apotheosis/COREMODLOG]: Patching FishingBobberEntity#catchingFish
[05Feb2023 15:22:46.541] [pool-3-thread-1/INFO] [net.minecraftforge.coremod.CoreMod.apotheosis/COREMODLOG]: Patching net/minecraft/loot/functions/EnchantRandomly
[05Feb2023 15:22:48.152] [Render thread/INFO] [com.mojang.authlib.yggdrasil.YggdrasilAuthenticationService/]: Environment: authHost='https://authserver.mojang.com', accountsHost='https://api.mojang.com', sessionHost='https://sessionserver.mojang.com', servicesHost='https://api.minecraftservices.com', name='PROD'
[05Feb2023 15:22:49.307] [Render thread/INFO] [net.minecraft.client.Minecraft/]: Setting user: ZHYxulei
[05Feb2023 15:22:49.469] [Render thread/INFO] [STDERR/]: [org.lwjgl.system.APIUtil:apiLog:76]: Version: 3.2.2 SNAPSHOT
[05Feb2023 15:22:49.469] [Render thread/INFO] [STDERR/]: [org.lwjgl.system.APIUtil:apiLog:76]: 	 OS: Linux v5.4.147-qgki-g1ba7ca01c9f1
[05Feb2023 15:22:49.469] [Render thread/INFO] [STDERR/]: [org.lwjgl.system.APIUtil:apiLog:76]: 	JRE: 1.8.0-internal aarch64
[05Feb2023 15:22:49.470] [Render thread/INFO] [STDERR/]: [org.lwjgl.system.APIUtil:apiLog:76]: 	JVM: OpenJDK 64-Bit Server VM v25.71-b00 by Oracle Corporation
[05Feb2023 15:22:49.480] [Render thread/INFO] [STDERR/]: [org.lwjgl.system.APIUtil:apiLog:76]: Loading library (system): lwjgl
[05Feb2023 15:22:49.681] [Render thread/INFO] [STDERR/]: [org.lwjgl.system.APIUtil:apiLog:76]: 	Loaded from java.library.path: /data/user/0/com.tungsten.hmclpe/app_runtime/boat/lwjgl-3/liblwjgl.so
[05Feb2023 15:22:49.685] [Render thread/INFO] [STDERR/]: [org.lwjgl.system.APIUtil:apiLog:76]: Loading library: glfw
[05Feb2023 15:22:49.772] [Render thread/INFO] [STDERR/]: [org.lwjgl.system.APIUtil:apiLog:76]: 	Loaded from java.library.path: /data/user/0/com.tungsten.hmclpe/app_runtime/boat/libglfw.so
[05Feb2023 15:22:50.004] [Render thread/INFO] [net.minecraft.client.Minecraft/]: Backend library: LWJGL version 3.2.2 SNAPSHOT
[05Feb2023 15:22:50.040] [Render thread/INFO] [STDERR/]: [org.lwjgl.system.APIUtil:apiLog:76]: Loading library: jemalloc
[05Feb2023 15:22:50.042] [Render thread/INFO] [STDERR/]: [org.lwjgl.system.APIUtil:apiLog:76]: 	libjemalloc.so not found in java.library.path=/data/user/0/com.tungsten.hmclpe/app_runtime/java/default/lib/jli:/data/user/0/com.tungsten.hmclpe/app_runtime/java/default/lib:/data/user/0/com.tungsten.hmclpe/app_runtime/boat:/data/user/0/com.tungsten.hmclpe/app_runtime/boat/lwjgl-3:/data/user/0/com.tungsten.hmclpe/app_runtime/boat/renderer/virgl
[05Feb2023 15:22:50.049] [Render thread/INFO] [STDERR/]: [org.lwjgl.system.APIUtil:apiLog:76]: 	libjemalloc.so not found in system paths
[05Feb2023 15:22:50.050] [Render thread/INFO] [STDERR/]: [org.lwjgl.system.Library:printError:424]: [LWJGL] Failed to load a library. Possible solutions:
	a) Add the directory that contains the shared library to -Djava.library.path or -Dorg.lwjgl.librarypath.
	b) Add the JAR that contains the shared library to the classpath.
[05Feb2023 15:22:50.050] [Render thread/INFO] [STDERR/]: [org.lwjgl.system.APIUtil:apiLog:76]: Warning: Failed to instantiate memory allocator: org.lwjgl.system.jemalloc.JEmallocAllocator. Using the system default.
[05Feb2023 15:22:50.052] [Render thread/INFO] [STDERR/]: [org.lwjgl.system.APIUtil:apiLog:76]: MemoryUtil allocator: StdlibAllocator
